<?xml version="1.0" encoding="UTF-8"?>
<!-- Generated by org.testng.reporters.JUnitReportReporter -->
<testsuite hostname="BLRKEC350616L" failures="0" tests="3" name="docker.ChromeTest" time="8.798" errors="0" timestamp="2020-09-17T12:17:25 IST" skipped="0">
  <testcase classname="docker.ChromeTest" name="f" time="0.035"/>
  <system-out/>
  <testcase classname="docker.ChromeTest" name="f3" time="0.080"/>
  <system-out/>
  <testcase classname="docker.ChromeTest" name="f2" time="8.683"/>
  <system-out/>
</testsuite> <!-- docker.ChromeTest -->
