<?xml version="1.0" encoding="UTF-8"?>
<!-- Generated by org.testng.reporters.JUnitReportReporter -->
<testsuite hostname="BLRKEC350616L" failures="0" tests="1" name="docker.FirefoxTest" time="30.035" errors="0" timestamp="2020-09-11T14:43:46 IST" skipped="0">
  <testcase classname="docker.FirefoxTest" name="grid2" time="30.035"/>
  <system-out/>
</testsuite> <!-- docker.FirefoxTest -->
