<?xml version="1.0" encoding="UTF-8"?>
<!-- Generated by org.testng.reporters.JUnitReportReporter -->
<testsuite hostname="BLRKEC350616L" failures="0" tests="3" name="docker.FirefoxTest" time="8.768" errors="0" timestamp="2020-09-21T15:31:29 IST" skipped="0">
  <testcase classname="docker.FirefoxTest" name="f" time="0.033"/>
  <system-out/>
  <testcase classname="docker.FirefoxTest" name="f3" time="2.558"/>
  <system-out/>
  <testcase classname="docker.FirefoxTest" name="f2" time="6.177"/>
  <system-out/>
</testsuite> <!-- docker.FirefoxTest -->
