<?xml version="1.0" encoding="UTF-8"?>
<!-- Generated by org.testng.reporters.JUnitReportReporter -->
<testsuite hostname="BLRKEC350616L" failures="0" tests="3" name="docker.FirefoxTest" time="5.096" errors="0" timestamp="2020-09-14T15:32:42 IST" skipped="0">
  <testcase classname="docker.FirefoxTest" name="f2" time="4.230"/>
  <system-out/>
  <testcase classname="docker.FirefoxTest" name="f" time="0.035"/>
  <system-out/>
  <testcase classname="docker.FirefoxTest" name="f3" time="0.831"/>
  <system-out/>
</testsuite> <!-- docker.FirefoxTest -->
