<?xml version="1.0" encoding="UTF-8"?>
<!-- Generated by org.testng.reporters.JUnitReportReporter -->
<testsuite hostname="BLRKEC350616L" failures="0" tests="3" name="docker.ChromeTestsecond" time="7.692" errors="0" timestamp="2020-09-24T14:06:43 IST" skipped="0">
  <testcase classname="docker.ChromeTestsecond" name="f" time="0.025"/>
  <system-out/>
  <testcase classname="docker.ChromeTestsecond" name="f3" time="1.343"/>
  <system-out/>
  <testcase classname="docker.ChromeTestsecond" name="f2" time="6.324"/>
  <system-out/>
</testsuite> <!-- docker.ChromeTestsecond -->
