<?xml version="1.0" encoding="UTF-8"?>
<!-- Generated by org.testng.reporters.JUnitReportReporter -->
<testsuite hostname="BLRKEC350616L" failures="0" tests="3" name="docker.FirefoxTest" time="9.195" errors="0" timestamp="2020-09-17T12:17:25 IST" skipped="0">
  <testcase classname="docker.FirefoxTest" name="f3" time="3.078"/>
  <system-out/>
  <testcase classname="docker.FirefoxTest" name="f2" time="6.055"/>
  <system-out/>
  <testcase classname="docker.FirefoxTest" name="f" time="0.062"/>
  <system-out/>
</testsuite> <!-- docker.FirefoxTest -->
