<?xml version="1.0" encoding="UTF-8"?>
<!-- Generated by org.testng.reporters.JUnitReportReporter -->
<testsuite hostname="BLRKEC350616L" failures="0" tests="1" name="docker.ChromeTest" time="26.208" errors="0" timestamp="2020-09-11T14:43:46 IST" skipped="0">
  <testcase classname="docker.ChromeTest" name="grid1" time="26.208"/>
  <system-out/>
</testsuite> <!-- docker.ChromeTest -->
