<?xml version="1.0" encoding="UTF-8"?>
<!-- Generated by org.testng.reporters.JUnitReportReporter -->
<testsuite hostname="BLRKEC350616L" failures="0" tests="3" name="docker.ChromeTest" time="12.228" errors="0" timestamp="2020-09-14T11:07:22 IST" skipped="0">
  <testcase classname="docker.ChromeTest" name="f" time="0.096"/>
  <system-out/>
  <testcase classname="docker.ChromeTest" name="f2" time="11.153"/>
  <system-out/>
  <testcase classname="docker.ChromeTest" name="f3" time="0.979"/>
  <system-out/>
</testsuite> <!-- docker.ChromeTest -->
