<?xml version="1.0" encoding="UTF-8"?>
<!-- Generated by org.testng.reporters.JUnitReportReporter -->
<testsuite hostname="BLRKEC350616L" failures="0" tests="3" name="docker.ChromeTest" time="7.947" errors="0" timestamp="2020-09-21T14:59:42 IST" skipped="0">
  <testcase classname="docker.ChromeTest" name="f2" time="7.841"/>
  <system-out/>
  <testcase classname="docker.ChromeTest" name="f3" time="0.074"/>
  <system-out/>
  <testcase classname="docker.ChromeTest" name="f" time="0.032"/>
  <system-out/>
</testsuite> <!-- docker.ChromeTest -->
