<?xml version="1.0" encoding="UTF-8"?>
<!-- Generated by org.testng.reporters.JUnitReportReporter -->
<testsuite hostname="BLRKEC350616L" failures="0" tests="3" name="docker.ChromeTest" time="9.718" errors="0" timestamp="2020-09-24T14:06:16 IST" skipped="0">
  <testcase classname="docker.ChromeTest" name="f" time="0.031"/>
  <system-out/>
  <testcase classname="docker.ChromeTest" name="f2" time="9.580"/>
  <system-out/>
  <testcase classname="docker.ChromeTest" name="f3" time="0.107"/>
  <system-out/>
</testsuite> <!-- docker.ChromeTest -->
