<?xml version="1.0" encoding="UTF-8"?>
<!-- Generated by org.testng.reporters.JUnitReportReporter -->
<testsuite hostname="BLRKEC350616L" failures="0" tests="3" name="docker.FirefoxTest" time="5.390" errors="0" timestamp="2020-09-14T11:07:22 IST" skipped="0">
  <testcase classname="docker.FirefoxTest" name="f3" time="0.930"/>
  <system-out/>
  <testcase classname="docker.FirefoxTest" name="f2" time="4.410"/>
  <system-out/>
  <testcase classname="docker.FirefoxTest" name="f" time="0.050"/>
  <system-out/>
</testsuite> <!-- docker.FirefoxTest -->
